Daily update on Fri Feb  7 19:19:03 UTC 2025
Daily update on Sat Feb  8 02:58:29 UTC 2025
Daily update on Sun Feb  9 03:03:23 UTC 2025
Daily update on Mon Feb 10 03:03:24 UTC 2025
Daily update on Tue Feb 11 03:02:13 UTC 2025
Daily update on Wed Feb 12 03:01:19 UTC 2025
Daily update on Thu Feb 13 03:02:06 UTC 2025
Daily update on Fri Feb 14 03:01:30 UTC 2025
Daily update on Sat Feb 15 03:00:49 UTC 2025
Daily update on Sun Feb 16 03:14:39 UTC 2025
Daily update on Mon Feb 17 02:51:56 UTC 2025
Daily update on Tue Feb 18 02:47:20 UTC 2025
Daily update on Wed Feb 19 02:49:30 UTC 2025
Daily update on Thu Feb 20 02:49:42 UTC 2025
Daily update on Fri Feb 21 02:50:09 UTC 2025
Daily update on Sat Feb 22 02:45:00 UTC 2025
Daily update on Sun Feb 23 02:53:01 UTC 2025
Daily update on Mon Feb 24 02:53:49 UTC 2025
Daily update on Tue Feb 25 02:52:56 UTC 2025
Daily update on Wed Feb 26 02:51:47 UTC 2025
Daily update on Thu Feb 27 02:53:07 UTC 2025
Daily update on Fri Feb 28 02:53:32 UTC 2025
Daily update on Sat Mar  1 02:57:01 UTC 2025
Daily update on Sun Mar  2 02:55:50 UTC 2025
Daily update on Mon Mar  3 02:55:16 UTC 2025
Daily update on Tue Mar  4 02:54:39 UTC 2025
